2023/04/09 13:05:03 table tokens has no column named timestamp
2023/04/09 13:27:15 TMDB_API_KEY is unavailable in the current environment
2023/04/09 13:27:25 TMDB_API_KEY is unavailable in the current environment
2023/04/09 13:28:06 TMDB_API_V3_KEY is unavailable in the current environment
2023/04/09 13:29:22 TMDB_API_V3_KEY is unavailable in the current environment
2023/04/09 13:33:28 Successfully connected to database
2023/04/09 13:33:28 Successfully created fresh instance of client-access database.
2023/04/09 13:57:44 Successfully connected to database
2023/04/09 13:57:44 Successfully created fresh instance of client-access database.
2023/04/09 14:26:52 Successfully connected to database
2023/04/09 14:26:52 Successfully created fresh instance of client-access database.
2023/04/09 14:27:26 Successfully connected to database
2023/04/09 14:27:26 Successfully created fresh instance of client-access database.
2023/04/09 14:27:53 Successfully connected to database
2023/04/09 14:27:53 Successfully created fresh instance of client-access database.
2023/04/09 14:28:42 Successfully connected to database
2023/04/09 14:28:42 Successfully created fresh instance of client-access database.
2023/04/09 14:32:54 Successfully connected to database
2023/04/09 14:32:54 Successfully created fresh instance of client-access database.
2023/04/09 14:45:41 Successfully connected to database
2023/04/09 14:45:41 Successfully created fresh instance of client-access database.
2023/04/09 14:46:04 Successfully connected to database
2023/04/09 14:46:04 Successfully created fresh instance of client-access database.
2023/04/09 14:47:51 Successfully connected to database
2023/04/09 14:47:51 Successfully created fresh instance of client-access database.
2023/04/09 14:48:35 Successfully connected to database
2023/04/09 14:48:35 Successfully created fresh instance of client-access database.
2023/04/09 14:49:10 Successfully connected to database
2023/04/09 14:49:10 Successfully created fresh instance of client-access database.
2023/04/09 14:50:31 Successfully connected to database
2023/04/09 14:50:31 Successfully created fresh instance of client-access database.
2023/04/09 14:52:45 Successfully connected to database
2023/04/09 14:52:45 Successfully created fresh instance of client-access database.
2023/04/09 14:57:13 Successfully connected to database
2023/04/09 14:57:13 Successfully created fresh instance of client-access database.
2023/04/09 14:58:55 Successfully connected to database
2023/04/09 14:58:55 Successfully created fresh instance of client-access database.
